
ROM used:   1047/8192 (13%)
            1047/8192 (13%) including unused fragments

            0.8 Average locations per line
            4.1 Average locations per statement

RAM used:   24/368 (7%) at main() level
            42/368 (11%) worst case

Stack used: 6 worst case (6 in main + 0 for interrupts)
Stack size: 8

Lines Stmts  %   Files
----- ----- ---  -----
  176   173  67  CCS_C.c
  639     0   0  ..\..\..\..\..\..\Program Files (x86)\PICC\Devices\16f877.h
  456    84  33  ..\..\..\..\..\..\Program Files (x86)\PICC\Drivers\lcd.c
----- -----
 1271   257 Total

Page ROM  %  RAM   Vol Diff  Functions:
---- --- --- ---   --- ----  ----------
0     21   2    1             @delay_ms1
 Inline         3   596  5.9  lcd_read_byte
0      6   1    0    59  4.2  lcd_read_nibble
0     12   1    1   179  3.3  lcd_send_nibble
0     64   6    3   460  4.7  lcd_send_byte
0     62   6    6   814  7.2  lcd_init
0     18   2    4   208  6.3  lcd_gotoxy
0     44   4    1   354  4.7  lcd_putc
0    145  14    1   884  5.2  MAIN
0      4   0    0             @const669
0     86   8    4             @PSTRINGC7_640
0      2   0    0             @const671
0      4   0    0             @const672
0      5   0    0             @const673
0    163  16    0  2131  3.9  tus_oku
0     60   6    0   322  3.6  calis
0      5   0    0             @const674
0     99   9    9             @PRINTF_LU_640
0      5   0    0   499  2.3  @const678
0     85   8    1   499  2.3  temizle
0      4   0    0             @const679
0      2   0    0             @const680
0      4   0    0             @const681
0      5   0    0             @const682
0      5   0    0   308  3.7  @const683
0     94   9    2   308  3.7  surehesap
0     21   2    5    80  1.5  @MUL1616
0     18   2    0    80  1.5  yaz
 Inline         0             @cinit1

Program metrics:
    Functions               16
    Statements              257
    Comments                213
    Volume (V)              12640
    Difficulty (D)          61.2
    Effort to implement (E) 773241
    Time to implement (T)   11 hours, 56 minutes
    Est Delivered Bugs (B)  3
    Cyclomatic Complexity   34
    Maintainability (MI)    61

 Segment     Used  Free
-----------  ----  ----
00000-00003     4  0  
00004-007FF  1043  1001  
00800-00FFF     0  2048  
01000-017FF     0  2048  
01800-01FFF     0  2048  



