
ROM used:   114/8192 (1%)
            114/8192 (1%) including unused fragments

            0.2 Average locations per line
            3.4 Average locations per statement

RAM used:   6/368 (2%) at main() level
            11/368 (3%) worst case

Stack used: 1 worst case (1 in main + 0 for interrupts)
Stack size: 8

Lines Stmts  %   Files
----- ----- ---  -----
   67    34 100  CCS_C.c
  639     0   0  ..\..\..\..\..\..\Program Files (x86)\PICC\Devices\16f877.h
----- -----
  706    34 Total

Page ROM  %  RAM   Vol Diff  Functions:
---- --- --- ---   --- ----  ----------
0     21  18    1             @delay_ms1
0     89  78    1  1089  7.6  main
 Inline         0             @cinit1

Program metrics:
    Functions               1
    Statements              34
    Comments                111
    Volume (V)              1094
    Difficulty (D)          7.4
    Effort to implement (E) 8097
    Time to implement (T)   7 minutes
    Est Delivered Bugs (B)  0
    Cyclomatic Complexity   8
    Maintainability (MI)    47

 Segment     Used  Free
-----------  ----  ----
00000-00003     4  0  
00004-007FF   110  1934  
00800-00FFF     0  2048  
01000-017FF     0  2048  
01800-01FFF     0  2048  



