
ROM used:   397/8192 (5%)
            397/8192 (5%) including unused fragments

            0.5 Average locations per line
            5.9 Average locations per statement

RAM used:   6/368 (2%) at main() level
            20/368 (5%) worst case

Stack used: 1 worst case (1 in main + 0 for interrupts)
Stack size: 8

Lines Stmts  %   Files
----- ----- ---  -----
  102    67 100  CCS_C.c
  639     0   0  ..\..\..\..\..\..\Program Files (x86)\PICC\Devices\16f877.h
----- -----
  741    67 Total

Page ROM  %  RAM   Vol Diff  Functions:
---- --- --- ---   --- ----  ----------
0     21   5    1             @delay_ms1
0    300  76    1  3175  8.0  main
0     14   4    0             @const617
0     37   9    5             @DIV1616
0     21   5    3             @DIV88
 Inline         0             @cinit1

Program metrics:
    Functions               1
    Statements              67
    Comments                112
    Volume (V)              3189
    Difficulty (D)          7.8
    Effort to implement (E) 24743
    Time to implement (T)   23 minutes
    Est Delivered Bugs (B)  0
    Cyclomatic Complexity   3
    Maintainability (MI)    29

 Segment     Used  Free
-----------  ----  ----
00000-00003     4  0  
00004-007FF   393  1651  
00800-00FFF     0  2048  
01000-017FF     0  2048  
01800-01FFF     0  2048  



