
ROM used:   812/8192 (10%)
            812/8192 (10%) including unused fragments

            0.7 Average locations per line
            5.4 Average locations per statement

RAM used:   9/368 (2%) at main() level
            21/368 (6%) worst case

Stack used: 5 worst case (5 in main + 0 for interrupts)
Stack size: 8

Lines Stmts  %   Files
----- ----- ---  -----
   97    67  44  CCS_C.c
  639     0   0  ..\..\..\..\..\..\Program Files (x86)\PICC\Devices\16f877.h
  456    84  56  ..\..\..\..\..\..\Program Files (x86)\PICC\Drivers\lcd.c
----- -----
 1192   151 Total

Page ROM  %  RAM   Vol Diff  Functions:
---- --- --- ---   --- ----  ----------
0     21   3    1             @delay_ms1
 Inline         3   596  5.9  lcd_read_byte
0      6   1    0    59  4.2  lcd_read_nibble
0     12   1    1   179  3.3  lcd_send_nibble
0     64   8    3   460  4.7  lcd_send_byte
0     62   8    6   814  7.2  lcd_init
0     18   2    4   208  6.3  lcd_gotoxy
0     44   5    1   354  4.7  lcd_putc
0    254  31    2  2198  7.3  MAIN
0      9   1    0             @const657
0     88  11    4             @PSTRINGC7_640
0     12   1    0             @goto10656
0     12   1    0             @const660
0     87  11    5             @PSTRINGCN7_640
0     21   3    3             @DIV88
0     53   7    2             @PRINTF_U_640
0     12   1    0             @const669
0     12   1    0             @const670
0     13   2    0             @const671
0      8   1    0             @goto10691
 Inline         0             @cinit1

Program metrics:
    Functions               8
    Statements              151
    Comments                211
    Volume (V)              6931
    Difficulty (D)          40.4
    Effort to implement (E) 280006
    Time to implement (T)   4 hours, 19 minutes
    Est Delivered Bugs (B)  1
    Cyclomatic Complexity   26
    Maintainability (MI)    137

 Segment     Used  Free
-----------  ----  ----
00000-00003     4  0  
00004-007FF   808  1236  
00800-00FFF     0  2048  
01000-017FF     0  2048  
01800-01FFF     0  2048  



