
ROM used:   194/8192 (2%)
            194/8192 (2%) including unused fragments

            0.3 Average locations per line
            4.0 Average locations per statement

RAM used:   6/368 (2%) at main() level
            11/368 (3%) worst case

Stack used: 1 worst case (1 in main + 0 for interrupts)
Stack size: 8

Lines Stmts  %   Files
----- ----- ---  -----
   82    49 100  CCS_C.c
  639     0   0  ..\..\..\..\..\..\Program Files (x86)\PICC\Devices\16f877.h
----- -----
  721    49 Total

Page ROM  %  RAM   Vol Diff  Functions:
---- --- --- ---   --- ----  ----------
0     21  11    1             @delay_ms1
0    134  69    1  1830  7.4  main
0     14   7    0             @const617
0     21  11    3             @DIV88
 Inline         0             @cinit1

Program metrics:
    Functions               1
    Statements              49
    Comments                112
    Volume (V)              1840
    Difficulty (D)          7.2
    Effort to implement (E) 13262
    Time to implement (T)   12 minutes
    Est Delivered Bugs (B)  0
    Cyclomatic Complexity   2
    Maintainability (MI)    37

 Segment     Used  Free
-----------  ----  ----
00000-00003     4  0  
00004-007FF   190  1854  
00800-00FFF     0  2048  
01000-017FF     0  2048  
01800-01FFF     0  2048  



