
ROM used:   1495/8192 (18%)
            1495/8192 (18%) including unused fragments

            1.3 Average locations per line
            14.7 Average locations per statement

RAM used:   9/368 (2%) at main() level
            41/368 (11%) worst case

Stack used: 5 worst case (5 in main + 0 for interrupts)
Stack size: 8

Lines Stmts  %   Files
----- ----- ---  -----
   37    18  18  CCS_C.c
  639     0   0  ..\..\..\..\..\..\Program Files (x86)\PICC\Devices\16f877.h
  456    84  82  ..\..\..\..\..\..\Program Files (x86)\PICC\Drivers\lcd.c
----- -----
 1132   102 Total

Page ROM  %  RAM   Vol Diff  Functions:
---- --- --- ---   --- ----  ----------
0     21   1    1             @delay_ms1
 Inline         3   596  5.9  lcd_read_byte
0      6   0    0    59  4.2  lcd_read_nibble
0     12   1    1   179  3.3  lcd_send_nibble
0     64   4    3   460  4.7  lcd_send_byte
0     62   4    6   814  7.2  lcd_init
0     18   1    4   208  6.3  lcd_gotoxy
0     44   3    1   354  4.7  lcd_putc
0    190  13    4   611  4.2  MAIN
0     31   2    2             @ITOF
0    117   8   13             @MULFF
0    204  14   14             @DIVFF
0    323  22   16             @ADDFF
0      6   0    0             @const669
0     88   6    4             @PSTRINGC7_640
 Inline         5             @FTOSD
0     79   5   13             @DIV3232
0    226  15   13             @PRINTF_L32D_640FPFPF
 Inline         0             @cinit1

Program metrics:
    Functions               8
    Statements              102
    Comments                211
    Volume (V)              4962
    Difficulty (D)          37.8
    Effort to implement (E) 187723
    Time to implement (T)   2 hours, 54 minutes
    Est Delivered Bugs (B)  1
    Cyclomatic Complexity   8
    Maintainability (MI)    146

 Segment     Used  Free
-----------  ----  ----
00000-00003     4  0  
00004-007FF  1491  553  
00800-00FFF     0  2048  
01000-017FF     0  2048  
01800-01FFF     0  2048  



