
ROM used:   1797/8192 (22%)
            1797/8192 (22%) including unused fragments

            1.6 Average locations per line
            14.9 Average locations per statement

RAM used:   25/368 (7%) at main() level
            47/368 (13%) worst case

Stack used: 5 worst case (5 in main + 0 for interrupts)
Stack size: 8

Lines Stmts  %   Files
----- ----- ---  -----
   63    37  31  CCS_C.c
  639     0   0  ..\..\..\..\..\..\Program Files (x86)\PICC\Devices\16f877.h
  456    84  69  ..\..\..\..\..\..\Program Files (x86)\PICC\Drivers\lcd.c
----- -----
 1158   121 Total

Page ROM  %  RAM   Vol Diff  Functions:
---- --- --- ---   --- ----  ----------
0     21   1    1             @delay_ms1
 Inline         3   596  5.9  lcd_read_byte
0      6   0    0    59  4.2  lcd_read_nibble
0     12   1    1   179  3.3  lcd_send_nibble
0     64   4    3   460  4.7  lcd_send_byte
0     62   3    6   814  7.2  lcd_init
0     18   1    4   208  6.3  lcd_gotoxy
0     44   2    1   354  4.7  lcd_putc
0    337  19    4  1209  5.7  MAIN
0     29   2    2             @ITOF
0    202  11   14             @DIVFF
0    323  18   16             @ADDFF
0      5   0    0             @const668
0     87   5    5             @PSTRINGCN7_640
0    117   7   13             @MULFF
 Inline         5             @FTOSD
0     79   4   13             @DIV3232
0    224  12   13             @PRINTF_L32D_640FPFPF
0      6   0    0             @const682
0     65   4   10             @FLT
0      3   0    0             @const687
0     86   5    4             @PSTRINGC7_640
0      3   0    0             @const689
 Inline         0             @cinit1

Program metrics:
    Functions               8
    Statements              121
    Comments                214
    Volume (V)              5744
    Difficulty (D)          38.5
    Effort to implement (E) 221027
    Time to implement (T)   3 hours, 25 minutes
    Est Delivered Bugs (B)  1
    Cyclomatic Complexity   9
    Maintainability (MI)    142

 Segment     Used  Free
-----------  ----  ----
00000-00003     4  0  
00004-007FF  1793  251  
00800-00FFF     0  2048  
01000-017FF     0  2048  
01800-01FFF     0  2048  



