
ROM used:   1956/8192 (24%)
            1956/8192 (24%) including unused fragments

            1.7 Average locations per line
            14.5 Average locations per statement

RAM used:   46/368 (12%) at main() level
            68/368 (18%) worst case

Stack used: 5 worst case (5 in main + 0 for interrupts)
Stack size: 8

Lines Stmts  %   Files
----- ----- ---  -----
   85    51  38  CCS_C.c
  639     0   0  ..\..\..\..\..\..\Program Files (x86)\PICC\Devices\16f877.h
  456    84  62  ..\..\..\..\..\..\Program Files (x86)\PICC\Drivers\lcd.c
----- -----
 1180   135 Total

Page ROM  %  RAM   Vol Diff  Functions:
---- --- --- ---   --- ----  ----------
0     21   1    1             @delay_ms1
 Inline         3   596  5.9  lcd_read_byte
0      6   0    0    59  4.2  lcd_read_nibble
0     12   1    1   179  3.3  lcd_send_nibble
0     64   3    3   460  4.7  lcd_send_byte
0     62   3    6   814  7.2  lcd_init
0     18   1    4   208  6.3  lcd_gotoxy
0     44   2    1   354  4.7  lcd_putc
0    599  31    4  1821  6.3  MAIN
0     29   1    2             @ITOF
0    202  10   14             @DIVFF
0    117   6   13             @MULFF
 Inline         5             @FTOSD
0     79   4   13             @DIV3232
0    224  11   13             @PRINTF_L32D_640FPFPF
0    321  16   16             @ADDFF
0      3   0    0             @const688
0     88   4    4             @PSTRINGC7_640
0     63   3   10             @FLT
 Inline         0             @cinit1

Program metrics:
    Functions               8
    Statements              135
    Comments                217
    Volume (V)              6474
    Difficulty (D)          39.4
    Effort to implement (E) 254996
    Time to implement (T)   3 hours, 56 minutes
    Est Delivered Bugs (B)  1
    Cyclomatic Complexity   11
    Maintainability (MI)    139

 Segment     Used  Free
-----------  ----  ----
00000-00003     4  0  
00004-007FF  1952  92  
00800-00FFF     0  2048  
01000-017FF     0  2048  
01800-01FFF     0  2048  



