
ROM used:   130/8192 (2%)
            130/8192 (2%) including unused fragments

            0.2 Average locations per line
            4.1 Average locations per statement

RAM used:   6/368 (2%) at main() level
            19/368 (5%) worst case

Stack used: 1 worst case (1 in main + 0 for interrupts)
Stack size: 8

Lines Stmts  %   Files
----- ----- ---  -----
   52    32 100  CCS_C.c
  639     0   0  ..\..\..\..\..\..\Program Files (x86)\PICC\Devices\16f877.h
----- -----
  691    32 Total

Page ROM  %  RAM   Vol Diff  Functions:
---- --- --- ---   --- ----  ----------
0     21  16    1             @delay_ms1
0    105  81    1  1100  6.4  main
 Inline         0             @cinit1

Program metrics:
    Functions               1
    Statements              32
    Comments                111
    Volume (V)              1105
    Difficulty (D)          6.3
    Effort to implement (E) 6914
    Time to implement (T)   6 minutes
    Est Delivered Bugs (B)  0
    Cyclomatic Complexity   4
    Maintainability (MI)    49

 Segment     Used  Free
-----------  ----  ----
00000-00003     4  0  
00004-007FF   126  1918  
00800-00FFF     0  2048  
01000-017FF     0  2048  
01800-01FFF     0  2048  



