
ROM used:   64/8192 (1%)
            64/8192 (1%) including unused fragments

            0.1 Average locations per line
            3.8 Average locations per statement

RAM used:   5/368 (1%) at main() level
            5/368 (1%) worst case

Stack used: 0 worst case (0 in main + 0 for interrupts)
Stack size: 8

Lines Stmts  %   Files
----- ----- ---  -----
   38    17 100  CCS_C.c
  639     0   0  ..\..\..\..\..\..\Program Files (x86)\PICC\Devices\16f877.h
----- -----
  677    17 Total

Page ROM  %  RAM   Vol Diff  Functions:
---- --- --- ---   --- ----  ----------
0     60  94    0   362  2.3  main
 Inline         0             @cinit1

Program metrics:
    Functions               1
    Statements              17
    Comments                117
    Volume (V)              365
    Difficulty (D)          2.3
    Effort to implement (E) 831
    Time to implement (T)   1 minutes
    Est Delivered Bugs (B)  0
    Cyclomatic Complexity   1
    Maintainability (MI)    51

 Segment     Used  Free
-----------  ----  ----
00000-00003     4  0  
00004-007FF    60  1984  
00800-00FFF     0  2048  
01000-017FF     0  2048  
01800-01FFF     0  2048  



