
ROM used:   269/8192 (3%)
            269/8192 (3%) including unused fragments

            0.2 Average locations per line
            1.6 Average locations per statement

RAM used:   7/368 (2%) at main() level
            8/368 (2%) worst case

Stack used: 2 worst case (2 in main + 0 for interrupts)
Stack size: 8

Lines Stmts  %   Files
----- ----- ---  -----
   59    87  51  CCS_C.c
  639     0   0  ..\..\..\..\..\..\Program Files (x86)\PICC\Devices\16f877.h
  456    84  49  ..\..\..\..\..\..\Program Files (x86)\PICC\Drivers\lcd.c
----- -----
 1154   171 Total

Page ROM  %  RAM   Vol Diff  Functions:
---- --- --- ---   --- ----  ----------
0     21   8    1             @delay_ms1
0    196  73    0  1806  2.9  tus_takimi
0     48  18    0   303  2.8  MAIN
 Inline         0             @cinit1

Program metrics:
    Functions               2
    Statements              171
    Comments                212
    Volume (V)              2337
    Difficulty (D)          5.8
    Effort to implement (E) 13447
    Time to implement (T)   12 minutes
    Est Delivered Bugs (B)  0
    Cyclomatic Complexity   16
    Maintainability (MI)    48

 Segment     Used  Free
-----------  ----  ----
00000-00003     4  0  
00004-007FF   265  1779  
00800-00FFF     0  2048  
01000-017FF     0  2048  
01800-01FFF     0  2048  



