
ROM used:   1918/8192 (23%)
            1918/8192 (23%) including unused fragments

            1.6 Average locations per line
            14.6 Average locations per statement

RAM used:   23/368 (6%) at main() level
            49/368 (13%) worst case

Stack used: 5 worst case (5 in main + 0 for interrupts)
Stack size: 8

Lines Stmts  %   Files
----- ----- ---  -----
   80    47  36  CCS_C.c
  639     0   0  ..\..\..\..\..\..\Program Files (x86)\PICC\Devices\16f877.h
  456    84  64  ..\..\..\..\..\..\Program Files (x86)\PICC\Drivers\lcd.c
----- -----
 1175   131 Total

Page ROM  %  RAM   Vol Diff  Functions:
---- --- --- ---   --- ----  ----------
0     21   1    1             @delay_ms1
 Inline         3   596  5.9  lcd_read_byte
0      6   0    0    59  4.2  lcd_read_nibble
0     12   1    1   179  3.3  lcd_send_nibble
0     64   3    3   460  4.7  lcd_send_byte
0     62   3    6   814  7.2  lcd_init
0     18   1    4   208  6.3  lcd_gotoxy
0     44   2    1   354  4.7  lcd_putc
0    401  21    0  1531  5.8  MAIN
0     29   2    2             @ITOF
0    204  11   14             @DIVFF
0      5   0    0             @const667
0     87   5    5             @PSTRINGCN7_640
0    117   6   13             @MULFF
 Inline         5             @FTOSD
0     79   4   13             @DIV3232
0    224  12   13             @PRINTF_L32D_640FPFPF
0      5   0    0             @const681
0    323  17   16             @ADDFF
0      5   0    0             @const685
0     31   2    4             @SFTOI
0     63   3   10             @FLT
0      4   0    0             @const691
0     21   1    3             @DIV88
0     89   5    6             @PRINTF_D_640
 Inline         0             @cinit1

Program metrics:
    Functions               8
    Statements              131
    Comments                215
    Volume (V)              6141
    Difficulty (D)          38.2
    Effort to implement (E) 234761
    Time to implement (T)   3 hours, 37 minutes
    Est Delivered Bugs (B)  1
    Cyclomatic Complexity   11
    Maintainability (MI)    140

 Segment     Used  Free
-----------  ----  ----
00000-00003     4  0  
00004-007FF  1914  130  
00800-00FFF     0  2048  
01000-017FF     0  2048  
01800-01FFF     0  2048  



