
ROM used:   284/8192 (3%)
            284/8192 (3%) including unused fragments

            0.4 Average locations per line
            3.7 Average locations per statement

RAM used:   32/368 (9%) at main() level
            32/368 (9%) worst case

Stack used: 2 worst case (1 in main + 1 for interrupts)
Stack size: 8

Lines Stmts  %   Files
----- ----- ---  -----
  143    77 100  CCS_C.c
  639     0   0  ..\..\..\..\..\..\Program Files (x86)\PICC\Devices\16f877.h
----- -----
  782    77 Total

Page ROM  %  RAM   Vol Diff  Functions:
---- --- --- ---   --- ----  ----------
0     16   6    0             @const630
 Inline         0   236  4.1  servo_1
 Inline         0   236  4.1  servo_2
 Inline         0   236  4.1  servo_3
 Inline         0   236  4.1  servo_4
0    142  50    0   275  2.8  timer0_kesme
0     79  28    0   474  3.8  MAIN
 Inline         0             @cinit1

Program metrics:
    Functions               6
    Statements              77
    Comments                111
    Volume (V)              2543
    Difficulty (D)          22.7
    Effort to implement (E) 57709
    Time to implement (T)   53 minutes
    Est Delivered Bugs (B)  0
    Cyclomatic Complexity   17
    Maintainability (MI)    116

 Segment     Used  Free
-----------  ----  ----
00000-00003     4  0  
00004-0002E    43  0  
0002F-007FF   237  1764  
00800-00FFF     0  2048  
01000-017FF     0  2048  
01800-01FFF     0  2048  



