
ROM used:   211/8192 (3%)
            211/8192 (3%) including unused fragments

            0.3 Average locations per line
            2.9 Average locations per statement

RAM used:   6/368 (2%) at main() level
            10/368 (3%) worst case

Stack used: 2 worst case (2 in main + 0 for interrupts)
Stack size: 8

Lines Stmts  %   Files
----- ----- ---  -----
  115    73 100  CCS_C.c
  639     0   0  ..\..\..\..\..\..\Program Files (x86)\PICC\Devices\16f877.h
----- -----
  754    73 Total

Page ROM  %  RAM   Vol Diff  Functions:
---- --- --- ---   --- ----  ----------
0     21  10    1             @delay_ms1
0    103  49    1  1396  3.4  segment
0     20   9    0             @goto10563
0     63  30    1   655  5.9  MAIN
 Inline         0             @cinit1

Program metrics:
    Functions               2
    Statements              73
    Comments                127
    Volume (V)              2363
    Difficulty (D)          9.1
    Effort to implement (E) 21477
    Time to implement (T)   20 minutes
    Est Delivered Bugs (B)  0
    Cyclomatic Complexity   19
    Maintainability (MI)    63

 Segment     Used  Free
-----------  ----  ----
00000-00003     4  0  
00004-007FF   207  1837  
00800-00FFF     0  2048  
01000-017FF     0  2048  
01800-01FFF     0  2048  



