
ROM used:   1407/8192 (17%)
            1407/8192 (17%) including unused fragments

            1.2 Average locations per line
            12.9 Average locations per statement

RAM used:   9/368 (2%) at main() level
            43/368 (12%) worst case

Stack used: 5 worst case (5 in main + 0 for interrupts)
Stack size: 8

Lines Stmts  %   Files
----- ----- ---  -----
   46    25  23  CCS_C.c
  639     0   0  ..\..\..\..\..\..\Program Files (x86)\PICC\Devices\16f877.h
  456    84  77  ..\..\..\..\..\..\Program Files (x86)\PICC\Drivers\lcd.c
----- -----
 1141   109 Total

Page ROM  %  RAM   Vol Diff  Functions:
---- --- --- ---   --- ----  ----------
0     21   1    1             @delay_ms1
 Inline         3   596  5.9  lcd_read_byte
0      6   0    0    59  4.2  lcd_read_nibble
0     12   1    1   179  3.3  lcd_send_nibble
0     64   5    3   460  4.7  lcd_send_byte
0     62   4    6   814  7.2  lcd_init
0     18   1    4   208  6.3  lcd_gotoxy
0     44   3    1   354  4.7  lcd_putc
0    324  23    4   919  4.5  MAIN
0      6   0    0             @const658
0     37   3    2             @SITOF
0    117   8   13             @MULFF
0    202  14   14             @DIVFF
0     87   6    5             @PSTRINGCN7_640
 Inline         5             @FTOSD
0     79   6   13             @DIV3232
0    224  16   13             @PRINTF_L32D_640FPFPF
0      3   0    0             @const677
0     86   6    4             @PSTRINGC7_640
0      8   1    0             @const680
0      3   0    0             @const681
 Inline         0             @cinit1

Program metrics:
    Functions               8
    Statements              109
    Comments                214
    Volume (V)              5375
    Difficulty (D)          37.7
    Effort to implement (E) 202784
    Time to implement (T)   3 hours, 8 minutes
    Est Delivered Bugs (B)  1
    Cyclomatic Complexity   8
    Maintainability (MI)    144

 Segment     Used  Free
-----------  ----  ----
00000-00003     4  0  
00004-007FF  1403  641  
00800-00FFF     0  2048  
01000-017FF     0  2048  
01800-01FFF     0  2048  



