
ROM used:   173/8192 (2%)
            173/8192 (2%) including unused fragments

            0.2 Average locations per line
            3.0 Average locations per statement

RAM used:   6/368 (2%) at main() level
            18/368 (5%) worst case

Stack used: 1 worst case (1 in main + 0 for interrupts)
Stack size: 8

Lines Stmts  %   Files
----- ----- ---  -----
   98    57 100  CCS_C.c
  639     0   0  ..\..\..\..\..\..\Program Files (x86)\PICC\Devices\16f877.h
----- -----
  737    57 Total

Page ROM  %  RAM   Vol Diff  Functions:
---- --- --- ---   --- ----  ----------
0     21  12    1             @delay_ms1
0    148  86    1  2146  7.8  main
 Inline         0             @cinit1

Program metrics:
    Functions               1
    Statements              57
    Comments                116
    Volume (V)              2151
    Difficulty (D)          7.7
    Effort to implement (E) 16616
    Time to implement (T)   15 minutes
    Est Delivered Bugs (B)  0
    Cyclomatic Complexity   9
    Maintainability (MI)    22

 Segment     Used  Free
-----------  ----  ----
00000-00003     4  0  
00004-007FF   169  1875  
00800-00FFF     0  2048  
01000-017FF     0  2048  
01800-01FFF     0  2048  



