
ROM used:   115/8192 (1%)
            115/8192 (1%) including unused fragments

            0.2 Average locations per line
            5.2 Average locations per statement

RAM used:   13/368 (4%) at main() level
            13/368 (4%) worst case

Stack used: 1 worst case (0 in main + 1 for interrupts)
Stack size: 8

Lines Stmts  %   Files
----- ----- ---  -----
   46    22 100  CCS_C.c
  639     0   0  ..\..\..\..\..\..\Program Files (x86)\PICC\Devices\16f877.h
----- -----
  685    22 Total

Page ROM  %  RAM   Vol Diff  Functions:
---- --- --- ---   --- ----  ----------
0     20  17    0   143  3.0  timer1_kesme
0     46  40    0   310  2.8  MAIN
 Inline         0             @cinit1

Program metrics:
    Functions               2
    Statements              22
    Comments                116
    Volume (V)              541
    Difficulty (D)          5.8
    Effort to implement (E) 3135
    Time to implement (T)   3 minutes
    Est Delivered Bugs (B)  0
    Cyclomatic Complexity   2
    Maintainability (MI)    68

 Segment     Used  Free
-----------  ----  ----
00000-00003     4  0  
00004-00030    45  0  
00031-007FF    66  1933  
00800-00FFF     0  2048  
01000-017FF     0  2048  
01800-01FFF     0  2048  



