
ROM used:   1019/8192 (12%)
            1019/8192 (12%) including unused fragments

            0.9 Average locations per line
            10.1 Average locations per statement

RAM used:   11/368 (3%) at main() level
            37/368 (10%) worst case

Stack used: 5 worst case (5 in main + 0 for interrupts)
Stack size: 8

Lines Stmts  %   Files
----- ----- ---  -----
   38    17  17  CCS_C.c
  639     0   0  ..\..\..\..\..\..\Program Files (x86)\PICC\Devices\16f877.h
  456    84  83  ..\..\..\..\..\..\Program Files (x86)\PICC\Drivers\lcd.c
----- -----
 1133   101 Total

Page ROM  %  RAM   Vol Diff  Functions:
---- --- --- ---   --- ----  ----------
0     21   2    1             @delay_ms1
 Inline         3   596  5.9  lcd_read_byte
0      6   1    0    59  4.2  lcd_read_nibble
0     12   1    1   179  3.3  lcd_send_nibble
0     64   6    3   460  4.7  lcd_send_byte
0     62   6    6   814  7.2  lcd_init
0     18   2    4   208  6.3  lcd_gotoxy
0     44   4    1   354  4.7  lcd_putc
0    134  13    0   447  3.2  MAIN
0     31   3    2             @ITOF
0    117  11   13             @MULFF
0      5   0    0             @const662
0     87   9    5             @PSTRINGCN7_640
0    101  10    9             @PRINTF_LU_640
0      8   1    0             @const667
 Inline         5             @FTOSD
0     79   8   13             @DIV3232
0    226  22   13             @PRINTF_L32D_640FPFPF
 Inline         0             @cinit1

Program metrics:
    Functions               8
    Statements              101
    Comments                211
    Volume (V)              4737
    Difficulty (D)          36.7
    Effort to implement (E) 173911
    Time to implement (T)   2 hours, 41 minutes
    Est Delivered Bugs (B)  1
    Cyclomatic Complexity   8
    Maintainability (MI)    146

 Segment     Used  Free
-----------  ----  ----
00000-00003     4  0  
00004-007FF  1015  1029  
00800-00FFF     0  2048  
01000-017FF     0  2048  
01800-01FFF     0  2048  



