
ROM used:   205/8192 (3%)
            205/8192 (3%) including unused fragments

            0.3 Average locations per line
            5.5 Average locations per statement

RAM used:   15/368 (4%) at main() level
            17/368 (5%) worst case

Stack used: 2 worst case (0 in main + 2 for interrupts)
Stack size: 8

Lines Stmts  %   Files
----- ----- ---  -----
   88    37 100  CCS_C.c
  639     0   0  ..\..\..\..\..\..\Program Files (x86)\PICC\Devices\16f877.h
----- -----
  727    37 Total

Page ROM  %  RAM   Vol Diff  Functions:
---- --- --- ---   --- ----  ----------
0     21  10    1             @delay_ms1
0      7   3    0    29  1.2  timer0_kesme
0     62  30    1   323  4.6  timer1_kesme
0     59  29    0   428  2.8  MAIN
 Inline         0             @cinit1

Program metrics:
    Functions               3
    Statements              37
    Comments                130
    Volume (V)              974
    Difficulty (D)          8.9
    Effort to implement (E) 8676
    Time to implement (T)   8 minutes
    Est Delivered Bugs (B)  0
    Cyclomatic Complexity   3
    Maintainability (MI)    65

 Segment     Used  Free
-----------  ----  ----
00000-00003     4  0  
00004-00037    52  0  
00038-007FF   149  1843  
00800-00FFF     0  2048  
01000-017FF     0  2048  
01800-01FFF     0  2048  



